2024-07-11 01:44:05,299 [WARN] com.zaxxer.hikari.pool.HikariPool [HikariPool-1 housekeeper] HikariPool-1 - Thread starvation or clock leap detected (housekeeper delta=2h2m14s261ms).
2024-07-11 03:44:34,793 [WARN] com.zaxxer.hikari.pool.HikariPool [HikariPool-1 housekeeper] HikariPool-1 - Thread starvation or clock leap detected (housekeeper delta=2h29s494ms).
2024-07-11 05:37:51,005 [WARN] com.zaxxer.hikari.pool.HikariPool [HikariPool-1 housekeeper] HikariPool-1 - Thread starvation or clock leap detected (housekeeper delta=1h53m16s210ms).
2024-07-11 06:02:26,881 [WARN] com.zaxxer.hikari.pool.HikariPool [HikariPool-1 housekeeper] HikariPool-1 - Thread starvation or clock leap detected (housekeeper delta=24m35s877ms).
2024-07-11 06:34:13,774 [WARN] com.zaxxer.hikari.pool.HikariPool [HikariPool-1 housekeeper] HikariPool-1 - Thread starvation or clock leap detected (housekeeper delta=31m46s896ms).
2024-07-11 06:37:17,521 [WARN] com.zaxxer.hikari.pool.HikariPool [HikariPool-1 housekeeper] HikariPool-1 - Thread starvation or clock leap detected (housekeeper delta=2m33s743ms).
2024-07-11 06:41:03,561 [WARN] com.zaxxer.hikari.pool.HikariPool [HikariPool-1 housekeeper] HikariPool-1 - Thread starvation or clock leap detected (housekeeper delta=46s16ms).
2024-07-11 07:02:37,182 [WARN] com.zaxxer.hikari.pool.HikariPool [HikariPool-1 housekeeper] HikariPool-1 - Thread starvation or clock leap detected (housekeeper delta=14m3s585ms).
2024-07-11 07:42:21,818 [WARN] com.zaxxer.hikari.pool.HikariPool [HikariPool-1 housekeeper] HikariPool-1 - Thread starvation or clock leap detected (housekeeper delta=29m14s576ms).
2024-07-11 08:04:44,496 [WARN] com.zaxxer.hikari.pool.HikariPool [HikariPool-1 housekeeper] HikariPool-1 - Thread starvation or clock leap detected (housekeeper delta=2m21s853ms).
2024-07-11 08:19:11,023 [WARN] com.zaxxer.hikari.pool.HikariPool [HikariPool-1 housekeeper] HikariPool-1 - Thread starvation or clock leap detected (housekeeper delta=2m55s43ms).
2024-07-11 08:29:23,781 [WARN] com.zaxxer.hikari.pool.HikariPool [HikariPool-1 housekeeper] HikariPool-1 - Thread starvation or clock leap detected (housekeeper delta=9m42s29ms).
2024-07-11 09:37:24,564 [INFO] org.springframework.orm.jpa.LocalContainerEntityManagerFactoryBean [SpringApplicationShutdownHook] Closing JPA EntityManagerFactory for persistence unit 'default'
2024-07-11 09:37:24,651 [INFO] org.hibernate.tool.schema.internal.SchemaDropperImpl$DelayedDropActionImpl [SpringApplicationShutdownHook] HHH000477: Starting delayed evictData of schema as part of SessionFactory shut-down'
2024-07-11 09:37:24,669 [DEBUG] org.hibernate.SQL [SpringApplicationShutdownHook] alter table album drop foreign key FK5jtlch5qo4kdolwqbfyrf4e02
2024-07-11 09:37:24,800 [DEBUG] org.hibernate.SQL [SpringApplicationShutdownHook] alter table photo drop foreign key FKpy64km2p72eoy5rwh31ria0vx
2024-07-11 09:37:25,062 [DEBUG] org.hibernate.SQL [SpringApplicationShutdownHook] drop table if exists account
2024-07-11 09:37:25,089 [DEBUG] org.hibernate.SQL [SpringApplicationShutdownHook] drop table if exists account_seq
2024-07-11 09:37:25,109 [DEBUG] org.hibernate.SQL [SpringApplicationShutdownHook] drop table if exists album
2024-07-11 09:37:25,147 [DEBUG] org.hibernate.SQL [SpringApplicationShutdownHook] drop table if exists album_seq
2024-07-11 09:37:25,159 [DEBUG] org.hibernate.SQL [SpringApplicationShutdownHook] drop table if exists photo
2024-07-11 09:37:25,220 [DEBUG] org.hibernate.SQL [SpringApplicationShutdownHook] drop table if exists photo_seq
2024-07-11 09:37:25,281 [INFO] com.zaxxer.hikari.HikariDataSource [SpringApplicationShutdownHook] HikariPool-1 - Shutdown initiated...
2024-07-11 09:37:25,324 [INFO] com.zaxxer.hikari.HikariDataSource [SpringApplicationShutdownHook] HikariPool-1 - Shutdown completed.
